<?xml version="1.0" encoding="UTF-8"?>
<!-- Generated by org.testng.reporters.JUnitReportReporter -->
<testsuite hostname="Vipinsi-w8" name="testngPackage.DemoNewTestNG" tests="2" failures="0" timestamp="29 Oct 2015 14:28:58 GMT" time="0.016" errors="0">
  <testcase name="f" time="0.016" classname="testngPackage.DemoNewTestNG"/>
  <testcase name="f" time="0.000" classname="testngPackage.DemoNewTestNG"/>
</testsuite> <!-- testngPackage.DemoNewTestNG -->
